Flutter crash report.
Please report a bug at https://github.com/flutter/flutter/issues.

## command

flutter run --machine --start-paused -d emulator-5554 --devtools-server-address http://127.0.0.1:9101/ --target lib\main.dart

## exception

HttpException: HttpException: Connection closed before full header was received, uri = http://127.0.0.1:51908/ebk5-DE9UXg=/ws

```
```

## flutter doctor

```
[✓] Flutter (Channel stable, 3.10.1, on Microsoft Windows [Version 10.0.19042.746], locale ru-RU)
    • Flutter version 3.10.1 on channel stable at D:\Mobile\flutter
    • Upstream repository https://github.com/flutter/flutter.git
    • Framework revision d3d8effc68 (5 weeks ago), 2023-05-16 17:59:05 -0700
    • Engine revision b4fb11214d
    • Dart version 3.0.1
    • DevTools version 2.23.1

[✓] Windows Version (Installed version of Windows is version 10 or higher)

[✓] Android toolchain - develop for Android devices (Android SDK version 33.0.0)
    • Android SDK at C:\Users\user\AppData\Local\Android\sdk
    • Platform android-33, build-tools 33.0.0
    • Java binary at: D:\AD\jre\bin\java
    • Java version OpenJDK Runtime Environment (build 11.0.13+0-b1751.21-8125866)
    • All Android licenses accepted.

[✓] Chrome - develop for the web
    • Chrome at C:\Program Files (x86)\Google\Chrome\Application\chrome.exe

[✗] Visual Studio - develop for Windows
    ✗ Visual Studio not installed; this is necessary for Windows development.
      Download at https://visualstudio.microsoft.com/downloads/.
      Please install the "Desktop development with C++" workload, including all of its default components

[✓] Android Studio (version 2021.3)
    • Android Studio at D:\AD
    • Flutter plugin can be installed from:
      🔨 https://plugins.jetbrains.com/plugin/9212-flutter
    • Dart plugin can be installed from:
      🔨 https://plugins.jetbrains.com/plugin/6351-dart
    • Java version OpenJDK Runtime Environment (build 11.0.13+0-b1751.21-8125866)

[✓] VS Code (version 1.72.2)
    • VS Code at C:\Users\user\AppData\Local\Programs\Microsoft VS Code
    • Flutter extension version 3.60.0

[✓] Connected device (4 available)
    • Android SDK built for x86 (mobile) • emulator-5554 • android-x86    • Android 10 (API 29) (emulator)
    • Windows (desktop)                  • windows       • windows-x64    • Microsoft Windows [Version 10.0.19042.746]
    • Chrome (web)                       • chrome        • web-javascript • Google Chrome 114.0.5735.134
    • Edge (web)                         • edge          • web-javascript • Microsoft Edge 114.0.1823.51

[✓] Network resources
    • All expected network resources are available.

! Doctor found issues in 1 category.
```
